-------------------------------------------------------------------------------
Test set: com.group23.app.CollectibleItemTest
-------------------------------------------------------------------------------
Tests run: 4, Failures: 1, Errors: 0, Skipped: 0, Time elapsed: 0.029 s <<< FAILURE! - in com.group23.app.CollectibleItemTest
testPlayerCollisionWithCollectibleItemIncreasesScore(com.group23.app.CollectibleItemTest)  Time elapsed: 0.001 s  <<< FAILURE!
java.lang.AssertionError: expected:<1> but was:<5>
	at com.group23.app.CollectibleItemTest.testPlayerCollisionWithCollectibleItemIncreasesScore(CollectibleItemTest.java:42)

